{
  "stats": {
    "suites": 1,
    "tests": 2,
    "passes": 1,
    "pending": 0,
    "failures": 1,
    "start": "2026-04-22T19:09:05.210Z",
    "end": "2026-04-22T19:09:06.541Z",
    "duration": 1331,
    "testsRegistered": 2,
    "passPercent": 50,
    "pendingPercent": 0,
    "other": 0,
    "hasOther": false,
    "skipped": 0,
    "hasSkipped": false
  },
  "results": [
    {
      "uuid": "932f3e0e-fcdd-4ee5-9431-114ffbb7e394",
      "title": "",
      "fullFile": "cypress\\e2e\\api\\pokemanDetails.cy.js",
      "file": "cypress\\e2e\\api\\pokemanDetails.cy.js",
      "beforeHooks": [],
      "afterHooks": [],
      "tests": [],
      "suites": [
        {
          "uuid": "e5cb11cb-d2b0-4c0d-a71b-d813fb28ac77",
          "title": "PokeAPI - Pokémon Details Validation",
          "fullFile": "",
          "file": "",
          "beforeHooks": [],
          "afterHooks": [],
          "tests": [
            {
              "title": "should validate pokemon details for multiple ids",
              "fullTitle": "PokeAPI - Pokémon Details Validation should validate pokemon details for multiple ids",
              "timedOut": null,
              "duration": 211,
              "state": "failed",
              "speed": null,
              "pass": false,
              "fail": true,
              "pending": false,
              "context": null,
              "code": "cy.fixture('pokemon').then(data => {\n  data.pokemonIds.forEach(id => {\n    cy.getPokemon(id).then(response => {\n      expect(response.status).to.eq(200);\n      expect(response.body).to.be.jsonSchema(_pokemonDetails.pokemonDetailsSchema);\n      expect(response.body).to.have.property('id', id);\n    });\n  });\n});",
              "err": {
                "message": "CypressError: `Cypress.env()` does not work when `allowCypressEnv` is set to `false`. Please migrate to `cy.env()` or leverage other stateful methods to manage variables. The variable being accessed was: `apiBaseUrl`\n\nhttps://on.cypress.io/cypress-env-migration",
                "estack": "CypressError: `Cypress.env()` does not work when `allowCypressEnv` is set to `false`. Please migrate to `cy.env()` or leverage other stateful methods to manage variables. The variable being accessed was: `apiBaseUrl`\n\nhttps://on.cypress.io/cypress-env-migration\n    at cypressErr (https://thinking-tester-contact-list.herokuapp.com/__cypress/runner/cypress_runner.js:78379:18)\n    at Object.errByPath (https://thinking-tester-contact-list.herokuapp.com/__cypress/runner/cypress_runner.js:78437:10)\n    at $Cypress.failCypressEnvWithWarning [as env] (https://thinking-tester-contact-list.herokuapp.com/__cypress/runner/cypress_runner.js:41589:81)\n    at Context.eval (webpack://cypressautomation/./cypress/support/commands.js:72:20)\n    at wrapped (https://thinking-tester-contact-list.herokuapp.com/__cypress/runner/cypress_runner.js:146312:43)\nFrom Your Spec Code:\n    at eval (webpack://cypressautomation/./cypress/e2e/api/pokemanDetails.cy.js:7:11)\nat Array.forEach (<anonymous>)\n    at Context.eval (webpack://cypressautomation/./cypress/e2e/api/pokemanDetails.cy.js:6:22)\n    at getRet (https://thinking-tester-contact-list.herokuapp.com/__cypress/runner/cypress_runner.js:122799:20)\n    at tryCatcher (https://thinking-tester-contact-list.herokuapp.com/__cypress/runner/cypress_runner.js:1777:23)\n    at Promise.attempt.Promise.try (https://thinking-tester-contact-list.herokuapp.com/__cypress/runner/cypress_runner.js:4285:29)\n    at Context.thenFn (https://thinking-tester-contact-list.herokuapp.com/__cypress/runner/cypress_runner.js:122810:66)\n    at Context.then (https://thinking-tester-contact-list.herokuapp.com/__cypress/runner/cypress_runner.js:123061:21)\n    at wrapped (https://thinking-tester-contact-list.herokuapp.com/__cypress/runner/cypress_runner.js:146320:19)",
                "diff": null
              },
              "uuid": "b71a1c32-58cb-4bae-8f24-c506d1401019",
              "parentUUID": "e5cb11cb-d2b0-4c0d-a71b-d813fb28ac77",
              "isHook": false,
              "skipped": false
            },
            {
              "title": "should return 404 for invalid pokemon id",
              "fullTitle": "PokeAPI - Pokémon Details Validation should return 404 for invalid pokemon id",
              "timedOut": null,
              "duration": 135,
              "state": "passed",
              "speed": "fast",
              "pass": true,
              "fail": false,
              "pending": false,
              "context": null,
              "code": "cy.fixture('pokemon').then(data => {\n  data.invalidIds.forEach(invalidId => {\n    cy.getPokemonInvalid(invalidId).then(response => {\n      expect(response.status).to.eq(404);\n    });\n  });\n});",
              "err": {},
              "uuid": "da5cdb31-7b67-4618-bf26-36f2e20c2ce8",
              "parentUUID": "e5cb11cb-d2b0-4c0d-a71b-d813fb28ac77",
              "isHook": false,
              "skipped": false
            }
          ],
          "suites": [],
          "passes": [
            "da5cdb31-7b67-4618-bf26-36f2e20c2ce8"
          ],
          "failures": [
            "b71a1c32-58cb-4bae-8f24-c506d1401019"
          ],
          "pending": [],
          "skipped": [],
          "duration": 346,
          "root": false,
          "rootEmpty": false,
          "_timeout": 2000
        }
      ],
      "passes": [],
      "failures": [],
      "pending": [],
      "skipped": [],
      "duration": 0,
      "root": true,
      "rootEmpty": true,
      "_timeout": 2000
    }
  ],
  "meta": {
    "mocha": {
      "version": "7.2.0"
    },
    "mochawesome": {
      "options": {
        "quiet": false,
        "reportFilename": "mochawesome",
        "saveHtml": false,
        "saveJson": true,
        "consoleReporter": "spec",
        "useInlineDiffs": false,
        "code": true
      },
      "version": "7.1.4"
    },
    "marge": {
      "options": {
        "reportDir": "cypress/reports/raw",
        "overwrite": false,
        "html": false,
        "json": true
      },
      "version": "6.3.2"
    }
  }
}