{
  "stats": {
    "suites": 1,
    "tests": 1,
    "passes": 1,
    "pending": 0,
    "failures": 0,
    "start": "2026-04-22T15:25:15.651Z",
    "end": "2026-04-22T15:25:24.460Z",
    "duration": 8809,
    "testsRegistered": 1,
    "passPercent": 100,
    "pendingPercent": 0,
    "other": 0,
    "hasOther": false,
    "skipped": 0,
    "hasSkipped": false
  },
  "results": [
    {
      "uuid": "369d685c-53f3-42d7-9bd5-249923d99603",
      "title": "",
      "fullFile": "cypress\\e2e\\ui\\contactDelete.cy.js",
      "file": "cypress\\e2e\\ui\\contactDelete.cy.js",
      "beforeHooks": [],
      "afterHooks": [],
      "tests": [],
      "suites": [
        {
          "uuid": "5e117382-1c46-44f0-bcdc-ab6fb7747279",
          "title": "Contact delete",
          "fullFile": "",
          "file": "",
          "beforeHooks": [],
          "afterHooks": [],
          "tests": [
            {
              "title": "should sign up, add a contact, open it, and delete it successfully",
              "fullTitle": "Contact delete should sign up, add a contact, open it, and delete it successfully",
              "timedOut": null,
              "duration": 8758,
              "state": "passed",
              "speed": "medium",
              "pass": true,
              "fail": false,
              "pending": false,
              "context": null,
              "code": "cy.fixture('contact').then(data => {\n  const unique = Date.now();\n  const email = `user${unique}@gmail.com`;\n  const user = {\n    firstName: data.user.firstName,\n    lastName: data.user.lastName,\n    email,\n    password: data.user.password\n  };\n  const contact = {\n    firstName: data.contact.firstName,\n    lastName: data.contact.lastName,\n    birthdate: data.contact.birthdate,\n    email,\n    phone: data.contact.phone,\n    street1: data.contact.street1,\n    city: data.contact.city,\n    postalCode: data.contact.postalCode,\n    stateProvince: data.contact.stateProvince,\n    country: data.contact.country\n  };\n  cy.signup(user);\n  cy.url().should('include', '/contactList');\n  cy.addContact(contact);\n  cy.url().should('include', '/contactList');\n  cy.contains(contact.email).should('be.visible');\n  cy.openContactByEmail(contact.email);\n  cy.url().should('include', '/contactDetails');\n  cy.deleteContact();\n  cy.url().should('include', '/contactList');\n  cy.contains(contact.email).should('not.exist');\n});",
              "err": {},
              "uuid": "79fb3e3b-591c-4c6a-be2e-5c4d56f9f160",
              "parentUUID": "5e117382-1c46-44f0-bcdc-ab6fb7747279",
              "isHook": false,
              "skipped": false
            }
          ],
          "suites": [],
          "passes": [
            "79fb3e3b-591c-4c6a-be2e-5c4d56f9f160"
          ],
          "failures": [],
          "pending": [],
          "skipped": [],
          "duration": 8758,
          "root": false,
          "rootEmpty": false,
          "_timeout": 2000
        }
      ],
      "passes": [],
      "failures": [],
      "pending": [],
      "skipped": [],
      "duration": 0,
      "root": true,
      "rootEmpty": true,
      "_timeout": 2000
    }
  ],
  "meta": {
    "mocha": {
      "version": "7.2.0"
    },
    "mochawesome": {
      "options": {
        "quiet": false,
        "reportFilename": "mochawesome",
        "saveHtml": false,
        "saveJson": true,
        "consoleReporter": "spec",
        "useInlineDiffs": false,
        "code": true
      },
      "version": "7.1.4"
    },
    "marge": {
      "options": {
        "reportDir": "cypress/reports/raw",
        "overwrite": false,
        "html": false,
        "json": true
      },
      "version": "6.3.2"
    }
  }
}