{
  "stats": {
    "suites": 1,
    "tests": 3,
    "passes": 3,
    "pending": 0,
    "failures": 0,
    "start": "2026-04-22T15:26:12.440Z",
    "end": "2026-04-22T15:26:22.924Z",
    "duration": 10484,
    "testsRegistered": 3,
    "passPercent": 100,
    "pendingPercent": 0,
    "other": 0,
    "hasOther": false,
    "skipped": 0,
    "hasSkipped": false
  },
  "results": [
    {
      "uuid": "dccc6589-c405-480b-badb-2e554a71a10f",
      "title": "",
      "fullFile": "cypress\\e2e\\ui\\signUp.cy.js",
      "file": "cypress\\e2e\\ui\\signUp.cy.js",
      "beforeHooks": [],
      "afterHooks": [],
      "tests": [],
      "suites": [
        {
          "uuid": "602efacf-97aa-466b-aa22-f8a429bad396",
          "title": "Authentication",
          "fullFile": "",
          "file": "",
          "beforeHooks": [],
          "afterHooks": [],
          "tests": [
            {
              "title": "Verify if it signs up successfully",
              "fullTitle": "Authentication Verify if it signs up successfully",
              "timedOut": null,
              "duration": 2243,
              "state": "passed",
              "speed": "fast",
              "pass": true,
              "fail": false,
              "pending": false,
              "context": null,
              "code": "cy.fixture('users').then(data => {\n  const unique = Date.now();\n  const user = {\n    firstName: data.firstName,\n    lastName: data.lastName,\n    email: `user_${unique}@gmail.com`,\n    password: data.password\n  };\n  cy.signup(user);\n  cy.url().should('include', '/contactList');\n});",
              "err": {},
              "uuid": "6fa12168-cefc-44ec-8c1d-2847cf9e930b",
              "parentUUID": "602efacf-97aa-466b-aa22-f8a429bad396",
              "isHook": false,
              "skipped": false
            },
            {
              "title": "Verify if it log in successfully",
              "fullTitle": "Authentication Verify if it log in successfully",
              "timedOut": null,
              "duration": 4098,
              "state": "passed",
              "speed": "fast",
              "pass": true,
              "fail": false,
              "pending": false,
              "context": null,
              "code": "cy.fixture('users').then(data => {\n  const unique = Date.now();\n  const email = `user_${unique}@gmail.com`;\n  const user = {\n    firstName: data.firstName,\n    lastName: data.lastName,\n    email,\n    password: data.password\n  };\n  cy.signup(user);\n  cy.url().should('include', '/contactList');\n  cy.logout();\n  cy.login(email, data.password);\n  cy.url().should('include', '/contactList');\n});",
              "err": {},
              "uuid": "05f8940a-8032-41ed-bb82-0f8d5094db01",
              "parentUUID": "602efacf-97aa-466b-aa22-f8a429bad396",
              "isHook": false,
              "skipped": false
            },
            {
              "title": "Verify if it throws error for wrong credentials",
              "fullTitle": "Authentication Verify if it throws error for wrong credentials",
              "timedOut": null,
              "duration": 4072,
              "state": "passed",
              "speed": "fast",
              "pass": true,
              "fail": false,
              "pending": false,
              "context": null,
              "code": "cy.fixture('users').then(data => {\n  const unique = Date.now();\n  const email = `user_${unique}@gmail.com`;\n  const user = {\n    firstName: data.firstName,\n    lastName: data.lastName,\n    email,\n    password: data.password\n  };\n  cy.signup(user);\n  cy.url().should('include', '/contactList');\n  cy.logout();\n  cy.login(email, 'invalid_password');\n  cy.validateErrorMsgLogin();\n});",
              "err": {},
              "uuid": "07585543-960b-4a0d-b1c1-69a30692de64",
              "parentUUID": "602efacf-97aa-466b-aa22-f8a429bad396",
              "isHook": false,
              "skipped": false
            }
          ],
          "suites": [],
          "passes": [
            "6fa12168-cefc-44ec-8c1d-2847cf9e930b",
            "05f8940a-8032-41ed-bb82-0f8d5094db01",
            "07585543-960b-4a0d-b1c1-69a30692de64"
          ],
          "failures": [],
          "pending": [],
          "skipped": [],
          "duration": 10413,
          "root": false,
          "rootEmpty": false,
          "_timeout": 2000
        }
      ],
      "passes": [],
      "failures": [],
      "pending": [],
      "skipped": [],
      "duration": 0,
      "root": true,
      "rootEmpty": true,
      "_timeout": 2000
    }
  ],
  "meta": {
    "mocha": {
      "version": "7.2.0"
    },
    "mochawesome": {
      "options": {
        "quiet": false,
        "reportFilename": "mochawesome",
        "saveHtml": false,
        "saveJson": true,
        "consoleReporter": "spec",
        "useInlineDiffs": false,
        "code": true
      },
      "version": "7.1.4"
    },
    "marge": {
      "options": {
        "reportDir": "cypress/reports/raw",
        "overwrite": false,
        "html": false,
        "json": true
      },
      "version": "6.3.2"
    }
  }
}