{
  "stats": {
    "suites": 1,
    "tests": 1,
    "passes": 1,
    "pending": 0,
    "failures": 0,
    "start": "2026-04-22T14:48:59.982Z",
    "end": "2026-04-22T14:49:06.945Z",
    "duration": 6963,
    "testsRegistered": 1,
    "passPercent": 100,
    "pendingPercent": 0,
    "other": 0,
    "hasOther": false,
    "skipped": 0,
    "hasSkipped": false
  },
  "results": [
    {
      "uuid": "8e2a2fe9-f4c2-46a1-a578-af27c4ef4588",
      "title": "",
      "fullFile": "cypress\\e2e\\ui\\navigation.cy.js",
      "file": "cypress\\e2e\\ui\\navigation.cy.js",
      "beforeHooks": [],
      "afterHooks": [],
      "tests": [],
      "suites": [
        {
          "uuid": "426a58fb-afaf-4cd9-94ff-70dc3b92dcc3",
          "title": "Navigation",
          "fullFile": "",
          "file": "",
          "beforeHooks": [],
          "afterHooks": [],
          "tests": [
            {
              "title": "should return to contact list from contact details page",
              "fullTitle": "Navigation should return to contact list from contact details page",
              "timedOut": null,
              "duration": 6890,
              "state": "passed",
              "speed": "medium",
              "pass": true,
              "fail": false,
              "pending": false,
              "context": null,
              "code": "cy.fixture('contact').then(data => {\n  const unique = Date.now();\n  const user = {\n    firstName: data.user.firstName,\n    lastName: data.user.lastName,\n    email: `vidh${unique}@gmail.com`,\n    password: data.user.password\n  };\n  const contact = {\n    firstName: data.contact.firstName,\n    lastName: data.contact.lastName,\n    birthdate: data.contact.birthdate,\n    email: `vidhya${unique}@mail.com`,\n    phone: data.contact.phone,\n    street1: data.contact.street1,\n    city: data.contact.city,\n    postalCode: data.contact.postalCode,\n    stateProvince: data.contact.stateProvince,\n    country: data.contact.country\n  };\n  cy.signup(user);\n  cy.addContact(contact);\n  cy.openContactByEmail(contact.email);\n  cy.url().should('include', '/contactDetails');\n  cy.returnToContactList();\n  cy.url().should('include', '/contactList');\n  cy.contains(contact.email).should('be.visible');\n});",
              "err": {},
              "uuid": "cc9bcf40-9849-416a-a00a-878fa0a835e1",
              "parentUUID": "426a58fb-afaf-4cd9-94ff-70dc3b92dcc3",
              "isHook": false,
              "skipped": false
            }
          ],
          "suites": [],
          "passes": [
            "cc9bcf40-9849-416a-a00a-878fa0a835e1"
          ],
          "failures": [],
          "pending": [],
          "skipped": [],
          "duration": 6890,
          "root": false,
          "rootEmpty": false,
          "_timeout": 2000
        }
      ],
      "passes": [],
      "failures": [],
      "pending": [],
      "skipped": [],
      "duration": 0,
      "root": true,
      "rootEmpty": true,
      "_timeout": 2000
    }
  ],
  "meta": {
    "mocha": {
      "version": "7.2.0"
    },
    "mochawesome": {
      "options": {
        "quiet": false,
        "reportFilename": "mochawesome",
        "saveHtml": false,
        "saveJson": true,
        "consoleReporter": "spec",
        "useInlineDiffs": false,
        "code": true
      },
      "version": "7.1.4"
    },
    "marge": {
      "options": {
        "reportDir": "cypress/reports/raw",
        "overwrite": false,
        "html": false,
        "json": true
      },
      "version": "6.3.2"
    }
  }
}