{
  "stats": {
    "suites": 1,
    "tests": 1,
    "passes": 0,
    "pending": 0,
    "failures": 1,
    "start": "2026-04-22T19:09:09.263Z",
    "end": "2026-04-22T19:09:10.176Z",
    "duration": 913,
    "testsRegistered": 1,
    "passPercent": 0,
    "pendingPercent": 0,
    "other": 0,
    "hasOther": false,
    "skipped": 0,
    "hasSkipped": false
  },
  "results": [
    {
      "uuid": "6f882ae8-dc37-4b55-af0c-a29f841414b6",
      "title": "",
      "fullFile": "cypress\\e2e\\api\\pokemanList.cy.js",
      "file": "cypress\\e2e\\api\\pokemanList.cy.js",
      "beforeHooks": [],
      "afterHooks": [],
      "tests": [],
      "suites": [
        {
          "uuid": "720e7c63-d509-4910-9422-1818ad61181a",
          "title": "PokeAPI - Pokémon List Validation",
          "fullFile": "",
          "file": "",
          "beforeHooks": [],
          "afterHooks": [],
          "tests": [
            {
              "title": "should return pokemon list with valid structure",
              "fullTitle": "PokeAPI - Pokémon List Validation should return pokemon list with valid structure",
              "timedOut": null,
              "duration": 229,
              "state": "failed",
              "speed": null,
              "pass": false,
              "fail": true,
              "pending": false,
              "context": null,
              "code": "cy.getPokemonList().then(response => {\n  expect(response.status).to.eq(200);\n  expect(response.body).to.have.property('results');\n  expect(response.body.results).to.be.an('array');\n  expect(response.body.results.length).to.be.greaterThan(0);\n  expect(response.body).to.be.jsonSchema(_pokemanList.pokemonListSchema);\n  const firstPokemon = response.body.results[0];\n  expect(firstPokemon).to.have.property('name');\n  expect(firstPokemon).to.have.property('url');\n});",
              "err": {
                "message": "CypressError: `Cypress.env()` does not work when `allowCypressEnv` is set to `false`. Please migrate to `cy.env()` or leverage other stateful methods to manage variables. The variable being accessed was: `apiBaseUrl`\n\nhttps://on.cypress.io/cypress-env-migration",
                "estack": "CypressError: `Cypress.env()` does not work when `allowCypressEnv` is set to `false`. Please migrate to `cy.env()` or leverage other stateful methods to manage variables. The variable being accessed was: `apiBaseUrl`\n\nhttps://on.cypress.io/cypress-env-migration\n    at cypressErr (https://thinking-tester-contact-list.herokuapp.com/__cypress/runner/cypress_runner.js:78379:18)\n    at Object.errByPath (https://thinking-tester-contact-list.herokuapp.com/__cypress/runner/cypress_runner.js:78437:10)\n    at $Cypress.failCypressEnvWithWarning [as env] (https://thinking-tester-contact-list.herokuapp.com/__cypress/runner/cypress_runner.js:41589:81)\n    at Context.eval (webpack://cypressautomation/./cypress/support/commands.js:79:19)\n    at wrapped (https://thinking-tester-contact-list.herokuapp.com/__cypress/runner/cypress_runner.js:146312:43)\nFrom Your Spec Code:\n    at Context.eval (webpack://cypressautomation/./cypress/e2e/api/pokemanList.cy.js:7:7)",
                "diff": null
              },
              "uuid": "08185596-0c5c-4782-80e4-f5fe3f23fbf5",
              "parentUUID": "720e7c63-d509-4910-9422-1818ad61181a",
              "isHook": false,
              "skipped": false
            }
          ],
          "suites": [],
          "passes": [],
          "failures": [
            "08185596-0c5c-4782-80e4-f5fe3f23fbf5"
          ],
          "pending": [],
          "skipped": [],
          "duration": 229,
          "root": false,
          "rootEmpty": false,
          "_timeout": 2000
        }
      ],
      "passes": [],
      "failures": [],
      "pending": [],
      "skipped": [],
      "duration": 0,
      "root": true,
      "rootEmpty": true,
      "_timeout": 2000
    }
  ],
  "meta": {
    "mocha": {
      "version": "7.2.0"
    },
    "mochawesome": {
      "options": {
        "quiet": false,
        "reportFilename": "mochawesome",
        "saveHtml": false,
        "saveJson": true,
        "consoleReporter": "spec",
        "useInlineDiffs": false,
        "code": true
      },
      "version": "7.1.4"
    },
    "marge": {
      "options": {
        "reportDir": "cypress/reports/raw",
        "overwrite": false,
        "html": false,
        "json": true
      },
      "version": "6.3.2"
    }
  }
}