{
  "stats": {
    "suites": 1,
    "tests": 1,
    "passes": 1,
    "pending": 0,
    "failures": 0,
    "start": "2026-04-22T14:48:26.294Z",
    "end": "2026-04-22T14:48:58.585Z",
    "duration": 32291,
    "testsRegistered": 1,
    "passPercent": 100,
    "pendingPercent": 0,
    "other": 0,
    "hasOther": false,
    "skipped": 0,
    "hasSkipped": false
  },
  "results": [
    {
      "uuid": "fa388623-181b-4c86-b6d6-2990d2b86d67",
      "title": "",
      "fullFile": "cypress\\e2e\\ui\\multi-user.cy.js",
      "file": "cypress\\e2e\\ui\\multi-user.cy.js",
      "beforeHooks": [],
      "afterHooks": [],
      "tests": [],
      "suites": [
        {
          "uuid": "951988f9-6dd2-4de4-9283-afb1e6573c43",
          "title": "Multi-user signup and login",
          "fullFile": "",
          "file": "",
          "beforeHooks": [],
          "afterHooks": [],
          "tests": [
            {
              "title": "should create 5 users and login with each of them successfully",
              "fullTitle": "Multi-user signup and login should create 5 users and login with each of them successfully",
              "timedOut": null,
              "duration": 32238,
              "state": "passed",
              "speed": "slow",
              "pass": true,
              "fail": false,
              "pending": false,
              "context": null,
              "code": "cy.fixture('multiUser').then(data => {\n  const timestamp = Date.now();\n  const testUsers = data.users.map((user, index) => ({\n    firstName: user.firstName,\n    lastName: user.lastName,\n    email: `multiuser${timestamp}${index + 1}@gmail.com`,\n    password: data.password\n  }));\n  testUsers.forEach(user => {\n    cy.log(`Signing up user: ${user.email}`);\n    cy.signup(user);\n    cy.url().should('include', '/contactList');\n    cy.logout();\n    cy.log(`Logging in user: ${user.email}`);\n    cy.login(user.email, user.password);\n    cy.url().should('include', '/contactList');\n    cy.logout();\n  });\n});",
              "err": {},
              "uuid": "6dca01af-5caa-441a-937d-c737e732b089",
              "parentUUID": "951988f9-6dd2-4de4-9283-afb1e6573c43",
              "isHook": false,
              "skipped": false
            }
          ],
          "suites": [],
          "passes": [
            "6dca01af-5caa-441a-937d-c737e732b089"
          ],
          "failures": [],
          "pending": [],
          "skipped": [],
          "duration": 32238,
          "root": false,
          "rootEmpty": false,
          "_timeout": 2000
        }
      ],
      "passes": [],
      "failures": [],
      "pending": [],
      "skipped": [],
      "duration": 0,
      "root": true,
      "rootEmpty": true,
      "_timeout": 2000
    }
  ],
  "meta": {
    "mocha": {
      "version": "7.2.0"
    },
    "mochawesome": {
      "options": {
        "quiet": false,
        "reportFilename": "mochawesome",
        "saveHtml": false,
        "saveJson": true,
        "consoleReporter": "spec",
        "useInlineDiffs": false,
        "code": true
      },
      "version": "7.1.4"
    },
    "marge": {
      "options": {
        "reportDir": "cypress/reports/raw",
        "overwrite": false,
        "html": false,
        "json": true
      },
      "version": "6.3.2"
    }
  }
}