{
  "stats": {
    "suites": 5,
    "tests": 7,
    "passes": 7,
    "pending": 0,
    "failures": 0,
    "testsRegistered": 7,
    "passPercent": 100,
    "pendingPercent": 0,
    "other": 0,
    "hasOther": false,
    "skipped": 0,
    "hasSkipped": false,
    "start": "2026-04-22T14:48:07.097Z",
    "end": "2026-04-22T14:49:19.782Z",
    "duration": 72685
  },
  "results": [
    {
      "uuid": "b0966f93-b8ae-4201-936a-b65bb09af75b",
      "title": "",
      "fullFile": "cypress\\e2e\\ui\\contactEdit.cy.js",
      "file": "cypress\\e2e\\ui\\contactEdit.cy.js",
      "beforeHooks": [],
      "afterHooks": [],
      "tests": [],
      "suites": [
        {
          "uuid": "c34eeb5f-59ac-4726-8778-eab366f1fb8a",
          "title": "contact edit",
          "fullFile": "",
          "file": "",
          "beforeHooks": [],
          "afterHooks": [],
          "tests": [
            {
              "title": "should edit address details of an existing contact",
              "fullTitle": "contact edit should edit address details of an existing contact",
              "timedOut": null,
              "duration": 8742,
              "state": "passed",
              "speed": "medium",
              "pass": true,
              "fail": false,
              "pending": false,
              "context": null,
              "code": "cy.fixture('contact').then(data => {\n  const unique = Date.now();\n  const user = {\n    firstName: data.user.firstName,\n    lastName: data.user.lastName,\n    email: `vidh${unique}@gmail.com`,\n    password: data.user.password\n  };\n  const contact = {\n    firstName: data.contact.firstName,\n    lastName: data.contact.lastName,\n    birthdate: data.contact.birthdate,\n    email: `vidhya${unique}@mail.com`,\n    phone: data.contact.phone,\n    street1: data.contact.street1,\n    city: data.contact.city,\n    postalCode: data.contact.postalCode,\n    stateProvince: data.contact.stateProvince,\n    country: data.contact.country\n  };\n  cy.signup(user);\n  cy.url().should('include', '/contactList');\n  cy.addContact(contact);\n  cy.url().should('include', '/contactList');\n  cy.contains(contact.email).should('be.visible');\n  cy.openContactByEmail(contact.email);\n  cy.url().should('include', '/contactDetails');\n  cy.editContactAddress(data.updatedAddress);\n  cy.contains(data.updatedAddress.street1).should('be.visible');\n  cy.contains(data.updatedAddress.city).should('be.visible');\n  cy.contains(data.updatedAddress.postalCode).should('be.visible');\n  cy.contains(data.updatedAddress.stateProvince).should('be.visible');\n  cy.contains(data.updatedAddress.country).should('be.visible');\n});",
              "err": {},
              "uuid": "ab797af9-bacc-4e4f-9e64-c899e9fb038a",
              "parentUUID": "c34eeb5f-59ac-4726-8778-eab366f1fb8a",
              "isHook": false,
              "skipped": false
            }
          ],
          "suites": [],
          "passes": [
            "ab797af9-bacc-4e4f-9e64-c899e9fb038a"
          ],
          "failures": [],
          "pending": [],
          "skipped": [],
          "duration": 8742,
          "root": false,
          "rootEmpty": false,
          "_timeout": 2000
        }
      ],
      "passes": [],
      "failures": [],
      "pending": [],
      "skipped": [],
      "duration": 0,
      "root": true,
      "rootEmpty": true,
      "_timeout": 2000
    },
    {
      "uuid": "fa388623-181b-4c86-b6d6-2990d2b86d67",
      "title": "",
      "fullFile": "cypress\\e2e\\ui\\multi-user.cy.js",
      "file": "cypress\\e2e\\ui\\multi-user.cy.js",
      "beforeHooks": [],
      "afterHooks": [],
      "tests": [],
      "suites": [
        {
          "uuid": "951988f9-6dd2-4de4-9283-afb1e6573c43",
          "title": "Multi-user signup and login",
          "fullFile": "",
          "file": "",
          "beforeHooks": [],
          "afterHooks": [],
          "tests": [
            {
              "title": "should create 5 users and login with each of them successfully",
              "fullTitle": "Multi-user signup and login should create 5 users and login with each of them successfully",
              "timedOut": null,
              "duration": 32238,
              "state": "passed",
              "speed": "slow",
              "pass": true,
              "fail": false,
              "pending": false,
              "context": null,
              "code": "cy.fixture('multiUser').then(data => {\n  const timestamp = Date.now();\n  const testUsers = data.users.map((user, index) => ({\n    firstName: user.firstName,\n    lastName: user.lastName,\n    email: `multiuser${timestamp}${index + 1}@gmail.com`,\n    password: data.password\n  }));\n  testUsers.forEach(user => {\n    cy.log(`Signing up user: ${user.email}`);\n    cy.signup(user);\n    cy.url().should('include', '/contactList');\n    cy.logout();\n    cy.log(`Logging in user: ${user.email}`);\n    cy.login(user.email, user.password);\n    cy.url().should('include', '/contactList');\n    cy.logout();\n  });\n});",
              "err": {},
              "uuid": "6dca01af-5caa-441a-937d-c737e732b089",
              "parentUUID": "951988f9-6dd2-4de4-9283-afb1e6573c43",
              "isHook": false,
              "skipped": false
            }
          ],
          "suites": [],
          "passes": [
            "6dca01af-5caa-441a-937d-c737e732b089"
          ],
          "failures": [],
          "pending": [],
          "skipped": [],
          "duration": 32238,
          "root": false,
          "rootEmpty": false,
          "_timeout": 2000
        }
      ],
      "passes": [],
      "failures": [],
      "pending": [],
      "skipped": [],
      "duration": 0,
      "root": true,
      "rootEmpty": true,
      "_timeout": 2000
    },
    {
      "uuid": "8e2a2fe9-f4c2-46a1-a578-af27c4ef4588",
      "title": "",
      "fullFile": "cypress\\e2e\\ui\\navigation.cy.js",
      "file": "cypress\\e2e\\ui\\navigation.cy.js",
      "beforeHooks": [],
      "afterHooks": [],
      "tests": [],
      "suites": [
        {
          "uuid": "426a58fb-afaf-4cd9-94ff-70dc3b92dcc3",
          "title": "Navigation",
          "fullFile": "",
          "file": "",
          "beforeHooks": [],
          "afterHooks": [],
          "tests": [
            {
              "title": "should return to contact list from contact details page",
              "fullTitle": "Navigation should return to contact list from contact details page",
              "timedOut": null,
              "duration": 6890,
              "state": "passed",
              "speed": "medium",
              "pass": true,
              "fail": false,
              "pending": false,
              "context": null,
              "code": "cy.fixture('contact').then(data => {\n  const unique = Date.now();\n  const user = {\n    firstName: data.user.firstName,\n    lastName: data.user.lastName,\n    email: `vidh${unique}@gmail.com`,\n    password: data.user.password\n  };\n  const contact = {\n    firstName: data.contact.firstName,\n    lastName: data.contact.lastName,\n    birthdate: data.contact.birthdate,\n    email: `vidhya${unique}@mail.com`,\n    phone: data.contact.phone,\n    street1: data.contact.street1,\n    city: data.contact.city,\n    postalCode: data.contact.postalCode,\n    stateProvince: data.contact.stateProvince,\n    country: data.contact.country\n  };\n  cy.signup(user);\n  cy.addContact(contact);\n  cy.openContactByEmail(contact.email);\n  cy.url().should('include', '/contactDetails');\n  cy.returnToContactList();\n  cy.url().should('include', '/contactList');\n  cy.contains(contact.email).should('be.visible');\n});",
              "err": {},
              "uuid": "cc9bcf40-9849-416a-a00a-878fa0a835e1",
              "parentUUID": "426a58fb-afaf-4cd9-94ff-70dc3b92dcc3",
              "isHook": false,
              "skipped": false
            }
          ],
          "suites": [],
          "passes": [
            "cc9bcf40-9849-416a-a00a-878fa0a835e1"
          ],
          "failures": [],
          "pending": [],
          "skipped": [],
          "duration": 6890,
          "root": false,
          "rootEmpty": false,
          "_timeout": 2000
        }
      ],
      "passes": [],
      "failures": [],
      "pending": [],
      "skipped": [],
      "duration": 0,
      "root": true,
      "rootEmpty": true,
      "_timeout": 2000
    },
    {
      "uuid": "092f03e2-8186-4988-ac82-b905cbea9e43",
      "title": "",
      "fullFile": "cypress\\e2e\\ui\\signUp.cy.js",
      "file": "cypress\\e2e\\ui\\signUp.cy.js",
      "beforeHooks": [],
      "afterHooks": [],
      "tests": [],
      "suites": [
        {
          "uuid": "b564bdb3-5ff1-4ec8-b6e7-0391748c4840",
          "title": "Authentication",
          "fullFile": "",
          "file": "",
          "beforeHooks": [],
          "afterHooks": [],
          "tests": [
            {
              "title": "Verify if it signs up successfully",
              "fullTitle": "Authentication Verify if it signs up successfully",
              "timedOut": null,
              "duration": 2271,
              "state": "passed",
              "speed": "fast",
              "pass": true,
              "fail": false,
              "pending": false,
              "context": null,
              "code": "cy.fixture('users').then(data => {\n  const unique = Date.now();\n  const user = {\n    firstName: data.firstName,\n    lastName: data.lastName,\n    email: `user_${unique}@gmail.com`,\n    password: data.password\n  };\n  cy.signup(user);\n  cy.url().should('include', '/contactList');\n});",
              "err": {},
              "uuid": "53c0e0de-9730-4c4f-bd8b-f9a094c776f4",
              "parentUUID": "b564bdb3-5ff1-4ec8-b6e7-0391748c4840",
              "isHook": false,
              "skipped": false
            },
            {
              "title": "Verify if it log in successfully",
              "fullTitle": "Authentication Verify if it log in successfully",
              "timedOut": null,
              "duration": 4324,
              "state": "passed",
              "speed": "fast",
              "pass": true,
              "fail": false,
              "pending": false,
              "context": null,
              "code": "cy.fixture('users').then(data => {\n  const unique = Date.now();\n  const email = `user_${unique}@gmail.com`;\n  const user = {\n    firstName: data.firstName,\n    lastName: data.lastName,\n    email,\n    password: data.password\n  };\n  cy.signup(user);\n  cy.url().should('include', '/contactList');\n  cy.logout();\n  cy.login(email, data.password);\n  cy.url().should('include', '/contactList');\n});",
              "err": {},
              "uuid": "0360c93f-6ec4-4242-8775-ddb81ca59dcc",
              "parentUUID": "b564bdb3-5ff1-4ec8-b6e7-0391748c4840",
              "isHook": false,
              "skipped": false
            },
            {
              "title": "Verify if it throws error for wrong credentials",
              "fullTitle": "Authentication Verify if it throws error for wrong credentials",
              "timedOut": null,
              "duration": 4055,
              "state": "passed",
              "speed": "fast",
              "pass": true,
              "fail": false,
              "pending": false,
              "context": null,
              "code": "cy.fixture('users').then(data => {\n  const unique = Date.now();\n  const email = `user_${unique}@gmail.com`;\n  const user = {\n    firstName: data.firstName,\n    lastName: data.lastName,\n    email,\n    password: data.password\n  };\n  cy.signup(user);\n  cy.url().should('include', '/contactList');\n  cy.logout();\n  cy.login(email, 'invalid_password');\n  cy.validateErrorMsgLogin();\n});",
              "err": {},
              "uuid": "9ecd2c93-0b31-4c00-afe7-ff0179e8adf5",
              "parentUUID": "b564bdb3-5ff1-4ec8-b6e7-0391748c4840",
              "isHook": false,
              "skipped": false
            }
          ],
          "suites": [],
          "passes": [
            "53c0e0de-9730-4c4f-bd8b-f9a094c776f4",
            "0360c93f-6ec4-4242-8775-ddb81ca59dcc",
            "9ecd2c93-0b31-4c00-afe7-ff0179e8adf5"
          ],
          "failures": [],
          "pending": [],
          "skipped": [],
          "duration": 10650,
          "root": false,
          "rootEmpty": false,
          "_timeout": 2000
        }
      ],
      "passes": [],
      "failures": [],
      "pending": [],
      "skipped": [],
      "duration": 0,
      "root": true,
      "rootEmpty": true,
      "_timeout": 2000
    },
    {
      "uuid": "bfa0d5b1-48cd-466d-89c9-cfa000caf310",
      "title": "",
      "fullFile": "cypress\\e2e\\ui\\contactDelete.cy.js",
      "file": "cypress\\e2e\\ui\\contactDelete.cy.js",
      "beforeHooks": [],
      "afterHooks": [],
      "tests": [],
      "suites": [
        {
          "uuid": "f72e13fb-bb15-48e4-8808-7c564afd990a",
          "title": "Contact delete",
          "fullFile": "",
          "file": "",
          "beforeHooks": [],
          "afterHooks": [],
          "tests": [
            {
              "title": "should sign up, add a contact, open it, and delete it successfully",
              "fullTitle": "Contact delete should sign up, add a contact, open it, and delete it successfully",
              "timedOut": null,
              "duration": 7614,
              "state": "passed",
              "speed": "medium",
              "pass": true,
              "fail": false,
              "pending": false,
              "context": null,
              "code": "cy.fixture('contact').then(data => {\n  const unique = Date.now();\n  const email = `user${unique}@gmail.com`;\n  const user = {\n    firstName: data.user.firstName,\n    lastName: data.user.lastName,\n    email,\n    password: data.user.password\n  };\n  const contact = {\n    firstName: data.contact.firstName,\n    lastName: data.contact.lastName,\n    birthdate: data.contact.birthdate,\n    email,\n    phone: data.contact.phone,\n    street1: data.contact.street1,\n    city: data.contact.city,\n    postalCode: data.contact.postalCode,\n    stateProvince: data.contact.stateProvince,\n    country: data.contact.country\n  };\n  cy.signup(user);\n  cy.url().should('include', '/contactList');\n  cy.addContact(contact);\n  cy.url().should('include', '/contactList');\n  cy.contains(contact.email).should('be.visible');\n  cy.openContactByEmail(contact.email);\n  cy.url().should('include', '/contactDetails');\n  cy.deleteContact();\n  cy.url().should('include', '/contactList');\n  cy.contains(contact.email).should('not.exist');\n});",
              "err": {},
              "uuid": "0d272b04-8567-4f43-9e92-d14e80dd85b2",
              "parentUUID": "f72e13fb-bb15-48e4-8808-7c564afd990a",
              "isHook": false,
              "skipped": false
            }
          ],
          "suites": [],
          "passes": [
            "0d272b04-8567-4f43-9e92-d14e80dd85b2"
          ],
          "failures": [],
          "pending": [],
          "skipped": [],
          "duration": 7614,
          "root": false,
          "rootEmpty": false,
          "_timeout": 2000
        }
      ],
      "passes": [],
      "failures": [],
      "pending": [],
      "skipped": [],
      "duration": 0,
      "root": true,
      "rootEmpty": true,
      "_timeout": 2000
    }
  ],
  "meta": {
    "mocha": {
      "version": "7.2.0"
    },
    "mochawesome": {
      "options": {
        "quiet": false,
        "reportFilename": "mochawesome",
        "saveHtml": false,
        "saveJson": true,
        "consoleReporter": "spec",
        "useInlineDiffs": false,
        "code": true
      },
      "version": "7.1.4"
    },
    "marge": {
      "options": {
        "reportDir": "cypress/reports/raw",
        "overwrite": false,
        "html": false,
        "json": true
      },
      "version": "6.3.2"
    }
  }
}